2024-02-27 08:50:36.676 [info] Experiment 'pythonRecommendTensorboardExt' is active
2024-02-27 08:50:36.676 [info] Experiment 'pythonREPLSmartSend' is active
2024-02-27 08:50:36.676 [info] Experiment 'pythonTerminalEnvVarActivation' is active
2024-02-27 08:50:36.676 [info] Experiment 'pythonTestAdapter' is active
2024-02-27 08:50:36.741 [info] Test server listening.
2024-02-27 08:50:36.750 [info] > conda info --json
2024-02-27 08:50:37.043 [info] Found: /bin/python --> /bin/python3.10
2024-02-27 08:50:37.044 [info] Found: /bin/python3 --> /bin/python3.10
2024-02-27 08:50:37.044 [info] Found: /bin/python3.10 --> /bin/python3.10
2024-02-27 08:50:37.045 [info] Found: /bin/python3.11 --> /bin/python3.11
2024-02-27 08:50:37.048 [warning] Retry failed, storage update failed for key PYTHON_GLOBAL_STORAGE_KEYS
2024-02-27 08:50:37.048 [warning] Retry failed, storage update failed for key PYTHON_GLOBAL_STORAGE_KEYS
2024-02-27 08:50:37.048 [warning] Retry failed, storage update failed for key PYTHON_GLOBAL_STORAGE_KEYS
2024-02-27 08:50:37.049 [warning] Retry failed, storage update failed for key PYTHON_WORKSPACE_STORAGE_KEYS
2024-02-27 08:50:37.049 [warning] Retry failed, storage update failed for key PYTHON_WORKSPACE_STORAGE_KEYS
2024-02-27 08:50:37.057 [info] Found: /usr/bin/python --> /usr/bin/python3.10
2024-02-27 08:50:37.057 [info] Found: /usr/bin/python3 --> /usr/bin/python3.10
2024-02-27 08:50:37.057 [info] Found: /usr/bin/python3.10 --> /usr/bin/python3.10
2024-02-27 08:50:37.057 [info] Found: /usr/bin/python3.11 --> /usr/bin/python3.11
2024-02-27 08:50:37.075 [info] > /bin/python -I ~/.vscode/extensions/ms-python.python-2024.0.1/pythonFiles/get_output_via_markers.py ~/.vscode/extensions/ms-python.python-2024.0.1/pythonFiles/interpreterInfo.py
2024-02-27 08:50:37.086 [info] > /bin/python3.11 -I ~/.vscode/extensions/ms-python.python-2024.0.1/pythonFiles/get_output_via_markers.py ~/.vscode/extensions/ms-python.python-2024.0.1/pythonFiles/interpreterInfo.py
2024-02-27 08:50:37.104 [info] > /usr/bin/python -I ~/.vscode/extensions/ms-python.python-2024.0.1/pythonFiles/get_output_via_markers.py ~/.vscode/extensions/ms-python.python-2024.0.1/pythonFiles/interpreterInfo.py
2024-02-27 08:50:37.136 [info] > /usr/bin/python3.11 -I ~/.vscode/extensions/ms-python.python-2024.0.1/pythonFiles/get_output_via_markers.py ~/.vscode/extensions/ms-python.python-2024.0.1/pythonFiles/interpreterInfo.py
2024-02-27 08:50:37.164 [info] Python interpreter path: /bin/python3.11
2024-02-27 08:50:39.261 [info] Starting Pylance language server.
2024-02-27 08:50:46.337 [info] CreateEnv Trigger - Workspace not found for /home/student/Simple calculator.py
2024-02-27 08:50:46.441 [info] Send text to terminal: /bin/python3.11 "/home/student/Simple calculator.py"
2024-02-27 08:51:13.832 [info] Send text to terminal: /bin/python3.11 "/home/student/Simple calculator.py"
2024-02-27 08:51:26.897 [info] Send text to terminal: /bin/python3.11 "/home/student/Simple calculator.py"
2024-02-27 08:51:38.729 [info] Send text to terminal: /bin/python3.11 "/home/student/Simple calculator.py"
2024-02-27 08:55:03.171 [info] Send text to terminal: /bin/python3.11 "/home/student/Simple calculator.py"
2024-02-27 08:55:16.784 [info] Send text to terminal: /bin/python3.11 "/home/student/Simple calculator.py"
2024-02-27 08:55:37.195 [info] Send text to terminal: /bin/python3.11 "/home/student/Simple calculator.py"
2024-02-27 08:56:01.433 [info] Send text to terminal: /bin/python3.11 "/home/student/Simple calculator.py"
2024-02-27 09:00:35.162 [info] Send text to terminal: /bin/python3.11 "/home/student/Simple calculator.py"
2024-02-27 09:03:43.392 [info] Send text to terminal: /bin/python3.11 "/home/student/Simple calculator.py"
2024-02-27 09:03:57.702 [info] Send text to terminal: /bin/python3.11 "/home/student/Simple calculator.py"
2024-02-27 09:04:24.490 [info] Send text to terminal: /bin/python3.11 "/home/student/Simple calculator.py"
2024-02-27 09:05:49.447 [info] Send text to terminal: /bin/python3.11 "/home/student/Simple calculator.py"
2024-02-27 09:06:05.575 [info] Send text to terminal: /bin/python3.11 "/home/student/Simple calculator.py"
2024-02-27 09:06:21.888 [info] Send text to terminal: /bin/python3.11 "/home/student/Simple calculator.py"
2024-02-27 09:06:44.607 [info] Send text to terminal: /bin/python3.11 "/home/student/Simple calculator.py"
2024-02-27 09:07:21.606 [info] Send text to terminal: /bin/python3.11 "/home/student/Simple calculator.py"
2024-02-27 09:08:11.156 [info] Send text to terminal: /bin/python3.11 "/home/student/Simple calculator.py"
2024-02-27 09:13:52.579 [info] Send text to terminal: /bin/python3.11 "/home/student/Simple calculator.py"
2024-02-27 09:14:19.084 [info] Send text to terminal: /bin/python3.11 "/home/student/Simple calculator.py"
2024-02-27 09:14:35.388 [info] Send text to terminal: /bin/python3.11 "/home/student/Simple calculator.py"
2024-02-27 09:14:46.496 [info] Send text to terminal: /bin/python3.11 "/home/student/Simple calculator.py"
2024-02-27 10:57:35.336 [info] Send text to terminal: /bin/python3.11 "/home/student/Simple calculator.py"
2024-02-27 10:58:05.549 [info] Send text to terminal: /bin/python3.11 "/home/student/Simple calculator.py"
2024-02-27 10:58:58.099 [info] Send text to terminal: /bin/python3.11 "/home/student/Simple calculator.py"
2024-02-27 11:00:16.239 [info] Send text to terminal: /bin/python3.11 "/home/student/Simple calculator.py"
