2024-02-24 17:29:33.819 [info] Extension host with pid 5236 started
2024-02-24 17:29:33.839 [info] ExtensionService#_doActivateExtension vscode.github-authentication, startup: false, activationEvent: 'onAuthenticationRequest:github'
2024-02-24 17:29:33.910 [info] ExtensionService#_doActivateExtension vscode.git-base, startup: true, activationEvent: '*', root cause: vscode.git
2024-02-24 17:29:33.916 [info] ExtensionService#_doActivateExtension vscode.git, startup: true, activationEvent: '*'
2024-02-24 17:29:33.972 [info] ExtensionService#_doActivateExtension vscode.github, startup: true, activationEvent: '*'
2024-02-24 17:29:34.002 [info] ExtensionService#_doActivateExtension vscode.microsoft-authentication, startup: false, activationEvent: 'onAuthenticationRequest:microsoft'
2024-02-24 17:29:34.067 [info] Eager extensions activated
2024-02-24 17:29:34.079 [info] ExtensionService#_doActivateExtension vscode.debug-auto-launch, startup: false, activationEvent: 'onStartupFinished'
2024-02-24 17:29:34.081 [info] ExtensionService#_doActivateExtension vscode.merge-conflict, startup: false, activationEvent: 'onStartupFinished'
2024-02-24 17:30:01.372 [info] Extension host terminating: renderer closed the MessagePort
2024-02-24 17:30:02.008 [info] Extension host with pid 5339 started
2024-02-24 17:30:02.008 [info] Skipping acquiring lock for /home/student/.config/Code/User/workspaceStorage/1b8b362cb7f521cf98f799aed3e4bfae.
2024-02-24 17:30:02.050 [info] ExtensionService#_doActivateExtension vscode.github-authentication, startup: false, activationEvent: 'onAuthenticationRequest:github'
2024-02-24 17:30:02.078 [info] ExtensionService#_doActivateExtension vscode.git-base, startup: true, activationEvent: '*'
2024-02-24 17:30:02.082 [info] ExtensionService#_doActivateExtension vscode.github, startup: true, activationEvent: '*'
2024-02-24 17:30:02.116 [info] ExtensionService#_doActivateExtension vscode.microsoft-authentication, startup: false, activationEvent: 'onAuthenticationRequest:microsoft'
2024-02-24 17:30:02.131 [info] Eager extensions activated
2024-02-24 17:30:02.205 [info] ExtensionService#_doActivateExtension vscode.debug-auto-launch, startup: false, activationEvent: 'onStartupFinished'
2024-02-24 17:30:02.206 [info] ExtensionService#_doActivateExtension vscode.merge-conflict, startup: false, activationEvent: 'onStartupFinished'
2024-02-24 17:30:06.378 [info] Extension host with pid 5236 exiting with code 0
2024-02-24 17:30:06.596 [info] ExtensionService#_doActivateExtension vscode.git, startup: false, activationEvent: 'api', root cause: vscode.github
2024-02-24 17:30:16.649 [info] ExtensionService#_doActivateExtension vscode.emmet, startup: false, activationEvent: 'onLanguage'
2024-02-24 19:17:33.234 [info] ExtensionService#_doActivateExtension ritwickdey.LiveServer, startup: false, activationEvent: 'onStartupFinished'
2024-02-24 20:17:37.439 [info] Extension host terminating: renderer closed the MessagePort
2024-02-24 20:17:42.450 [info] Extension host with pid 5339 exiting with code 0
