2024-02-24 17:29:33.403 [info] Added views:workbench.panel.markers.view in workbench.panel.markers
2024-02-24 17:29:33.403 [info] Added views:workbench.panel.output in workbench.panel.output
2024-02-24 17:29:33.403 [info] Added views:terminal in terminal
2024-02-24 17:29:33.403 [info] Added views:outline in workbench.view.explorer
2024-02-24 17:29:33.403 [info] Added views:workbench.scm in workbench.view.scm
2024-02-24 17:29:33.403 [info] Added views:workbench.view.search in workbench.view.search
2024-02-24 17:29:33.403 [info] Added views:timeline in workbench.view.explorer
2024-02-24 17:29:33.403 [info] Added views:workbench.explorer.emptyView in workbench.view.explorer
2024-02-24 17:29:33.683 [info] Added views:workbench.debug.welcome in workbench.view.debug
2024-02-24 17:29:33.744 [info] Added views:~remote.forwardedPorts in ~remote.forwardedPortsContainer
2024-02-24 17:29:33.840 [info] Added views:workbench.panel.repl.view in workbench.panel.repl
2024-02-24 17:30:01.720 [info] Added views:workbench.panel.markers.view in workbench.panel.markers
2024-02-24 17:30:01.720 [info] Added views:workbench.panel.output in workbench.panel.output
2024-02-24 17:30:01.720 [info] Added views:terminal in terminal
2024-02-24 17:30:01.720 [info] Added views:outline in workbench.view.explorer
2024-02-24 17:30:01.720 [info] Added views:workbench.scm in workbench.view.scm
2024-02-24 17:30:01.720 [info] Added views:workbench.view.search in workbench.view.search
2024-02-24 17:30:01.720 [info] Added views:timeline in workbench.view.explorer
2024-02-24 17:30:01.720 [info] Added views:workbench.explorer.fileView in workbench.view.explorer
2024-02-24 17:30:01.937 [info] Added views:workbench.debug.variablesView,workbench.debug.watchExpressionsView,workbench.debug.callStackView,workbench.debug.breakPointsView in workbench.view.debug
2024-02-24 17:30:02.006 [info] Added views:~remote.forwardedPorts in ~remote.forwardedPortsContainer
2024-02-24 17:30:02.050 [info] Added views:workbench.panel.repl.view in workbench.panel.repl
2024-02-24 17:30:02.054 [info] Removed views:workbench.debug.breakPointsView,workbench.debug.callStackView,workbench.debug.watchExpressionsView,workbench.debug.variablesView from workbench.view.debug
2024-02-24 17:30:02.055 [info] Added views:workbench.debug.welcome in workbench.view.debug
2024-02-24 17:30:16.546 [info] Added views:workbench.views.extensions.installed,workbench.views.extensions.popular,extensions.recommendedList in workbench.view.extensions
2024-02-24 17:30:16.554 [info] Removed views:workbench.views.extensions.popular from workbench.view.extensions
2024-02-24 17:30:16.795 [info] Added views:workbench.views.extensions.popular in workbench.view.extensions
