2024-02-26 10:35:46.952 [info] Log level: Info
2024-02-26 10:35:46.952 [info] Validating found git in: "git"
2024-02-26 10:35:46.952 [info] Using git "2.34.1" from "git"
2024-02-26 10:35:46.956 [info] > git rev-parse --show-toplevel [8ms]
2024-02-26 10:35:46.956 [info] fatal: not a git repository (or any of the parent directories): .git
2024-02-26 10:35:46.964 [info] > git rev-parse --show-toplevel [1ms]
2024-02-26 10:35:46.964 [info] fatal: not a git repository (or any of the parent directories): .git
2024-02-26 10:35:46.971 [info] > git rev-parse --show-toplevel [1ms]
2024-02-26 10:35:46.971 [info] fatal: not a git repository (or any of the parent directories): .git
2024-02-26 10:35:46.976 [info] > git rev-parse --show-toplevel [0ms]
2024-02-26 10:35:46.976 [info] fatal: not a git repository (or any of the parent directories): .git
2024-02-26 10:35:46.981 [info] > git rev-parse --show-toplevel [1ms]
2024-02-26 10:35:46.981 [info] fatal: not a git repository (or any of the parent directories): .git
2024-02-26 10:35:46.987 [info] > git rev-parse --show-toplevel [1ms]
2024-02-26 10:35:46.987 [info] fatal: not a git repository (or any of the parent directories): .git
2024-02-26 10:35:46.991 [info] > git rev-parse --show-toplevel [0ms]
2024-02-26 10:35:46.991 [info] fatal: not a git repository (or any of the parent directories): .git
2024-02-26 10:35:46.996 [info] > git rev-parse --show-toplevel [1ms]
2024-02-26 10:35:46.996 [info] fatal: not a git repository (or any of the parent directories): .git
2024-02-26 10:35:47.001 [info] > git rev-parse --show-toplevel [1ms]
2024-02-26 10:35:47.001 [info] fatal: not a git repository (or any of the parent directories): .git
2024-02-26 10:35:47.006 [info] > git rev-parse --show-toplevel [1ms]
2024-02-26 10:35:47.006 [info] fatal: not a git repository (or any of the parent directories): .git
2024-02-26 10:35:47.010 [info] > git rev-parse --show-toplevel [1ms]
2024-02-26 10:35:47.010 [info] fatal: not a git repository (or any of the parent directories): .git
2024-02-26 10:35:47.014 [info] > git rev-parse --show-toplevel [1ms]
2024-02-26 10:35:47.014 [info] fatal: not a git repository (or any of the parent directories): .git
2024-02-26 10:35:47.018 [info] > git rev-parse --show-toplevel [1ms]
2024-02-26 10:35:47.018 [info] fatal: not a git repository (or any of the parent directories): .git
2024-02-26 10:35:47.022 [info] > git rev-parse --show-toplevel [1ms]
2024-02-26 10:35:47.022 [info] fatal: not a git repository (or any of the parent directories): .git
2024-02-26 10:35:47.026 [info] > git rev-parse --show-toplevel [1ms]
2024-02-26 10:35:47.026 [info] fatal: not a git repository (or any of the parent directories): .git
2024-02-26 10:35:47.032 [info] > git rev-parse --show-toplevel [0ms]
2024-02-26 10:35:47.037 [info] > git rev-parse --git-dir --git-common-dir [1ms]
2024-02-26 10:35:47.044 [info] Open repository: /home/student/Assignment
2024-02-26 10:35:47.059 [info] > git rev-parse --show-toplevel [2ms]
2024-02-26 10:35:47.059 [info] fatal: not a git repository (or any of the parent directories): .git
2024-02-26 10:35:47.060 [info] > git config --get commit.template [7ms]
2024-02-26 10:35:47.069 [info] > git rev-parse --show-toplevel [5ms]
2024-02-26 10:35:47.069 [info] fatal: not a git repository (or any of the parent directories): .git
2024-02-26 10:35:47.074 [info] > git for-each-ref --format=%(refname)%00%(upstream:short)%00%(objectname)%00%(upstream:track)%00%(upstream:remotename)%00%(upstream:remoteref) refs/heads/master refs/remotes/master [5ms]
2024-02-26 10:35:47.079 [info] > git rev-parse --show-toplevel [6ms]
2024-02-26 10:35:47.079 [info] fatal: not a git repository (or any of the parent directories): .git
2024-02-26 10:35:47.082 [info] > git status -z -uall [4ms]
2024-02-26 10:35:47.093 [info] > git rev-parse --show-toplevel [11ms]
2024-02-26 10:35:47.093 [info] fatal: not a git repository (or any of the parent directories): .git
2024-02-26 10:35:47.099 [info] > git config --get commit.template [5ms]
2024-02-26 10:35:47.099 [info] > git rev-parse --show-toplevel [2ms]
2024-02-26 10:35:47.099 [info] fatal: not a git repository (or any of the parent directories): .git
2024-02-26 10:35:47.108 [info] > git for-each-ref --format=%(refname)%00%(upstream:short)%00%(objectname)%00%(upstream:track)%00%(upstream:remotename)%00%(upstream:remoteref) refs/heads/master refs/remotes/master [3ms]
2024-02-26 10:35:47.137 [info] > git status -z -uall [24ms]
2024-02-26 10:35:47.139 [info] > git rev-parse --show-toplevel [31ms]
2024-02-26 10:35:47.139 [info] fatal: not a git repository (or any of the parent directories): .git
2024-02-26 10:35:47.146 [info] > git rev-parse --show-toplevel [1ms]
2024-02-26 10:35:47.146 [info] fatal: not a git repository (or any of the parent directories): .git
2024-02-26 10:35:47.153 [info] > git rev-parse --show-toplevel [1ms]
2024-02-26 10:35:47.153 [info] fatal: not a git repository (or any of the parent directories): .git
2024-02-26 10:35:47.158 [info] > git rev-parse --show-toplevel [1ms]
2024-02-26 10:35:47.158 [info] fatal: not a git repository (or any of the parent directories): .git
2024-02-26 10:35:47.163 [info] > git rev-parse --show-toplevel [1ms]
2024-02-26 10:35:47.163 [info] fatal: not a git repository (or any of the parent directories): .git
2024-02-26 10:35:47.569 [info] > git check-ignore -v -z --stdin [0ms]
