2024-02-24 19:06:03.835 [info] Reading sessions from keychain...
2024-02-24 19:06:03.835 [info] Getting sessions for all scopes...
2024-02-24 19:06:03.835 [info] Getting sessions for user:email...
2024-02-24 19:06:03.837 [info] Got 0 sessions for ...
2024-02-24 19:06:03.837 [info] Got 0 sessions for user:email...
2024-02-24 19:06:03.867 [info] Getting sessions for all scopes...
2024-02-24 19:06:03.867 [info] Got 0 sessions for ...
2024-02-24 19:06:04.035 [info] Getting sessions for all scopes...
2024-02-24 19:06:04.035 [info] Got 0 sessions for ...
2024-02-24 19:53:28.810 [info] Getting sessions for read:user,repo,user:email,workflow...
2024-02-24 19:53:28.810 [info] Got 0 sessions for read:user,repo,user:email,workflow...
2024-02-24 19:53:33.362 [info] Logging in for the following scopes: read:user repo user:email workflow
2024-02-24 19:53:33.366 [info] Trying without local server... (read:user repo user:email workflow)
2024-02-24 19:53:47.479 [info] Exchanging code for token...
2024-02-24 19:53:48.098 [info] Token exchange success!
2024-02-24 19:53:48.099 [info] Getting user info...
2024-02-24 19:53:48.713 [info] Got account info!
2024-02-24 19:53:48.714 [info] Storing 1 sessions...
2024-02-24 19:53:48.717 [info] Reading sessions from keychain...
2024-02-24 19:53:48.717 [info] Stored 1 sessions!
2024-02-24 19:53:48.717 [info] Login success!
2024-02-24 19:53:48.728 [info] Getting sessions for user:email...
2024-02-24 19:53:48.768 [info] Got stored sessions!
2024-02-24 19:53:48.768 [info] Got 1 verified sessions.
2024-02-24 19:53:48.769 [info] Got 0 sessions for user:email...
2024-02-24 19:53:49.317 [info] Getting sessions for read:user,repo,user:email,workflow...
2024-02-24 19:53:49.317 [info] Got 1 sessions for read:user,repo,user:email,workflow...
