2024-02-24 17:29:33.981 [info] Reading sessions from keychain...
2024-02-24 17:29:33.981 [info] Getting sessions for all scopes...
2024-02-24 17:29:33.981 [info] Getting sessions for all scopes...
2024-02-24 17:29:33.981 [info] Getting sessions for user:email...
2024-02-24 17:29:33.981 [info] Got 0 sessions for ...
2024-02-24 17:29:33.981 [info] Got 0 sessions for ...
2024-02-24 17:29:33.981 [info] Got 0 sessions for user:email...
2024-02-24 17:29:34.092 [info] Getting sessions for all scopes...
2024-02-24 17:29:34.092 [info] Got 0 sessions for ...
2024-02-24 17:30:02.081 [info] Reading sessions from keychain...
2024-02-24 17:30:02.081 [info] Getting sessions for all scopes...
2024-02-24 17:30:02.081 [info] Getting sessions for user:email...
2024-02-24 17:30:02.081 [info] Got 0 sessions for ...
2024-02-24 17:30:02.081 [info] Got 0 sessions for user:email...
2024-02-24 17:30:02.246 [info] Getting sessions for all scopes...
2024-02-24 17:30:02.246 [info] Got 0 sessions for ...
2024-02-24 19:53:48.961 [info] Reading sessions from keychain...
2024-02-24 19:53:48.962 [info] Got stored sessions!
2024-02-24 19:53:48.962 [info] Got 1 verified sessions.
2024-02-24 19:53:48.962 [info] Adding session found in keychain
2024-02-24 19:53:48.963 [info] Getting sessions for user:email...
2024-02-24 19:53:48.963 [info] Got 0 sessions for user:email...
